[HOOK] {"timestamp": "2026-03-31T01:12:21.394731", "trigger": "before_agent", "cwd": "/Users/dhwanil/Desktop/agentic-cli", "tool_name": null, "user_message": "echo hello world using shell command to me", "error": null, "agent_response": null}
[HOOK] {"timestamp": "2026-03-31T01:12:30.538061", "trigger": "before_tool", "cwd": "/Users/dhwanil/Desktop/agentic-cli", "tool_name": "shell", "user_message": null, "error": null, "agent_response": null}
[HOOK] {"timestamp": "2026-04-01T23:39:12.881859", "trigger": "before_agent", "cwd": "/Users/dhwanil/Desktop/agentic-cli", "tool_name": null, "user_message": "echo \"hello world\" command 4 different lines by calling shell tool every single time", "error": null, "agent_response": null}
[HOOK] {"timestamp": "2026-04-01T23:39:28.479373", "trigger": "before_tool", "cwd": "/Users/dhwanil/Desktop/agentic-cli", "tool_name": "shell", "user_message": null, "error": null, "agent_response": null}
[HOOK] {"timestamp": "2026-04-01T23:39:28.511651", "trigger": "before_tool", "cwd": "/Users/dhwanil/Desktop/agentic-cli", "tool_name": "shell", "user_message": null, "error": null, "agent_response": null}
[HOOK] {"timestamp": "2026-04-01T23:39:35.213809", "trigger": "before_tool", "cwd": "/Users/dhwanil/Desktop/agentic-cli", "tool_name": "shell", "user_message": null, "error": null, "agent_response": null}
[HOOK] {"timestamp": "2026-04-01T23:39:35.243205", "trigger": "before_tool", "cwd": "/Users/dhwanil/Desktop/agentic-cli", "tool_name": "shell", "user_message": null, "error": null, "agent_response": null}
[HOOK] {"timestamp": "2026-04-01T23:46:11.857454", "trigger": "before_agent", "cwd": "/Users/dhwanil/Desktop/agentic-cli", "tool_name": null, "user_message": "echo \"hello world\" command 4 different lines by calling shell tool every single time", "error": null, "agent_response": null}
[HOOK] {"timestamp": "2026-04-01T23:46:24.752540", "trigger": "before_tool", "cwd": "/Users/dhwanil/Desktop/agentic-cli", "tool_name": "shell", "user_message": null, "error": null, "agent_response": null}
[HOOK] {"timestamp": "2026-04-01T23:46:24.784972", "trigger": "before_tool", "cwd": "/Users/dhwanil/Desktop/agentic-cli", "tool_name": "shell", "user_message": null, "error": null, "agent_response": null}
[HOOK] {"timestamp": "2026-04-01T23:46:24.812793", "trigger": "before_tool", "cwd": "/Users/dhwanil/Desktop/agentic-cli", "tool_name": "shell", "user_message": null, "error": null, "agent_response": null}
[HOOK] {"timestamp": "2026-04-01T23:46:45.222323", "trigger": "before_tool", "cwd": "/Users/dhwanil/Desktop/agentic-cli", "tool_name": "shell", "user_message": null, "error": null, "agent_response": null}
[HOOK] {"timestamp": "2026-04-01T23:46:52.041870", "trigger": "before_tool", "cwd": "/Users/dhwanil/Desktop/agentic-cli", "tool_name": "shell", "user_message": null, "error": null, "agent_response": null}
[HOOK] {"timestamp": "2026-04-01T23:46:52.071653", "trigger": "before_tool", "cwd": "/Users/dhwanil/Desktop/agentic-cli", "tool_name": "shell", "user_message": null, "error": null, "agent_response": null}
[HOOK] {"timestamp": "2026-04-01T23:48:37.806534", "trigger": "before_agent", "cwd": "/Users/dhwanil/Desktop/agentic-cli", "tool_name": null, "user_message": "noo, i want to these if loop detection is working or not in my system, so do it in a manner that the loop is detected and honestly tell me if you receive a loop detected event or not", "error": null, "agent_response": null}
[HOOK] {"timestamp": "2026-04-01T23:48:45.189530", "trigger": "before_tool", "cwd": "/Users/dhwanil/Desktop/agentic-cli", "tool_name": "shell", "user_message": null, "error": null, "agent_response": null}
[HOOK] {"timestamp": "2026-04-01T23:57:58.483000", "trigger": "before_agent", "cwd": "/Users/dhwanil/Desktop/agentic-cli", "tool_name": null, "user_message": "run the echo \"hello world\" command using the shell tool", "error": null, "agent_response": null}
[HOOK] {"timestamp": "2026-04-01T23:58:04.416637", "trigger": "before_tool", "cwd": "/Users/dhwanil/Desktop/agentic-cli", "tool_name": "shell", "user_message": null, "error": null, "agent_response": null}
[HOOK] {"timestamp": "2026-04-01T23:58:04.443575", "trigger": "after_tool", "cwd": "/Users/dhwanil/Desktop/agentic-cli", "tool_name": "shell", "user_message": null, "error": null, "agent_response": null}
[HOOK] {"timestamp": "2026-04-01T23:58:10.354260", "trigger": "after_agent", "cwd": "/Users/dhwanil/Desktop/agentic-cli", "tool_name": null, "user_message": "run the echo \"hello world\" command using the shell tool", "error": null, "agent_response": "The command `echo \"hello world\"` has been executed successfully.\n\n**Output:**\n```\nhello world\n```\n\nLet me know if you need further assistance!\n"}
